<?xml version="1.0" encoding="UTF-8"?>
<robot generator="Robot 5.0 (Python 3.9.10 on darwin)" generated="20220330 18:48:16.490" rpa="false" schemaversion="3">
<suite id="s1" name="Vue-Robot-Selenium" source="/Users/bryanphang/Documents/Personal/vue-robot-selenium">
<suite id="s1-s1" name="Tests" source="/Users/bryanphang/Documents/Personal/vue-robot-selenium/tests">
<suite id="s1-s1-s1" name="E2E" source="/Users/bryanphang/Documents/Personal/vue-robot-selenium/tests/e2e">
<suite id="s1-s1-s1-s1" name="HomeView" source="/Users/bryanphang/Documents/Personal/vue-robot-selenium/tests/e2e/HomeView.robot">
<test id="s1-s1-s1-s1-t1" name="Valid Login" line="9">
<kw name="Open Browser To Login Page" library="homeview">
<kw name="Open Browser" library="SeleniumLibrary">
<arg>${LOGIN URL}</arg>
<arg>${BROWSER}</arg>
<doc>Opens a new browser instance to the optional ``url``.</doc>
<msg timestamp="20220330 18:48:16.669" level="INFO">Opening browser 'Firefox' to base url 'http://localhost:8080/'.</msg>
<msg timestamp="20220330 18:48:16.683" level="INFO">Firefox driver log is always forced to to: /Users/bryanphang/Documents/Personal/vue-robot-selenium/geckodriver-1.log</msg>
<msg timestamp="20220330 18:48:19.566" level="INFO" html="true">&lt;/td&gt;&lt;/tr&gt;&lt;tr&gt;&lt;td colspan="3"&gt;&lt;a href="selenium-screenshot-1.png"&gt;&lt;img src="selenium-screenshot-1.png" width="800px"&gt;&lt;/a&gt;</msg>
<msg timestamp="20220330 18:48:19.567" level="FAIL">WebDriverException: Message: Reached error page: about:neterror?e=connectionFailure&amp;u=http%3A//localhost%3A8080/&amp;c=UTF-8&amp;d=Firefox%20can%E2%80%99t%20establish%20a%20connection%20to%20the%20server%20at%20localhost%3A8080.
Stacktrace:
WebDriverError@chrome://remote/content/shared/webdriver/Errors.jsm:183:5
UnknownError@chrome://remote/content/shared/webdriver/Errors.jsm:510:5
checkReadyState@chrome://remote/content/marionette/navigate.js:64:24
onNavigation@chrome://remote/content/marionette/navigate.js:312:39
emit@resource://gre/modules/EventEmitter.jsm:160:20
receiveMessage@chrome://remote/content/marionette/actors/MarionetteEventsParent.jsm:44:25
</msg>
<status status="FAIL" starttime="20220330 18:48:16.669" endtime="20220330 18:48:19.584"/>
</kw>
<kw name="Maximize Browser Window" library="SeleniumLibrary">
<doc>Maximizes current browser window.</doc>
<status status="NOT RUN" starttime="20220330 18:48:19.584" endtime="20220330 18:48:19.584"/>
</kw>
<kw name="Set Selenium Speed" library="SeleniumLibrary">
<arg>${DELAY}</arg>
<doc>Sets the delay that is waited after each Selenium command.</doc>
<status status="NOT RUN" starttime="20220330 18:48:19.585" endtime="20220330 18:48:19.585"/>
</kw>
<kw name="Login Page Should Be Open" library="homeview">
<status status="NOT RUN" starttime="20220330 18:48:19.585" endtime="20220330 18:48:19.585"/>
</kw>
<status status="FAIL" starttime="20220330 18:48:16.669" endtime="20220330 18:48:19.585"/>
</kw>
<kw name="Input Username" library="homeview">
<arg>bryan</arg>
<status status="NOT RUN" starttime="20220330 18:48:19.585" endtime="20220330 18:48:19.585"/>
</kw>
<kw name="Input Password" library="homeview">
<arg>123456</arg>
<status status="NOT RUN" starttime="20220330 18:48:19.585" endtime="20220330 18:48:19.585"/>
</kw>
<kw name="Submit Credentials" library="homeview">
<status status="NOT RUN" starttime="20220330 18:48:19.585" endtime="20220330 18:48:19.585"/>
</kw>
<kw name="Welcome Page Should Be Open" library="homeview">
<status status="NOT RUN" starttime="20220330 18:48:19.585" endtime="20220330 18:48:19.585"/>
</kw>
<kw name="Close Browser" library="SeleniumLibrary" type="TEARDOWN">
<doc>Closes the current browser.</doc>
<status status="PASS" starttime="20220330 18:48:19.585" endtime="20220330 18:48:19.978"/>
</kw>
<status status="FAIL" starttime="20220330 18:48:16.668" endtime="20220330 18:48:19.978">WebDriverException: Message: Reached error page: about:neterror?e=connectionFailure&amp;u=http%3A//localhost%3A8080/&amp;c=UTF-8&amp;d=Firefox%20can%E2%80%99t%20establish%20a%20connection%20to%20the%20server%20at%20localhost%3A8080.
Stacktrace:
WebDriverError@chrome://remote/content/shared/webdriver/Errors.jsm:183:5
UnknownError@chrome://remote/content/shared/webdriver/Errors.jsm:510:5
checkReadyState@chrome://remote/content/marionette/navigate.js:64:24
onNavigation@chrome://remote/content/marionette/navigate.js:312:39
emit@resource://gre/modules/EventEmitter.jsm:160:20
receiveMessage@chrome://remote/content/marionette/actors/MarionetteEventsParent.jsm:44:25
</status>
</test>
<doc>A test suite with a single test for valid login.

This test has a workflow that is created using keywords in
the imported resource file.</doc>
<status status="FAIL" starttime="20220330 18:48:16.516" endtime="20220330 18:48:19.978"/>
</suite>
<suite id="s1-s1-s1-s2" name="Test" source="/Users/bryanphang/Documents/Personal/vue-robot-selenium/tests/e2e/Test.robot">
<test id="s1-s1-s1-s2-t1" name="Open Google &amp; Verify Google" line="7">
<kw name="Open Browser" library="SeleniumLibrary">
<arg>&lt;https://www.google.com&gt;</arg>
<arg>browser=chrome</arg>
<doc>Opens a new browser instance to the optional ``url``.</doc>
<msg timestamp="20220330 18:48:19.981" level="INFO">Opening browser 'chrome' to base url '&lt;https://www.google.com&gt;'.</msg>
<msg timestamp="20220330 18:48:19.984" level="INFO">Cannot capture screenshot because no browser is open.</msg>
<msg timestamp="20220330 18:48:19.984" level="FAIL">WebDriverException: Message: 'chromedriver' executable needs to be in PATH. Please see https://chromedriver.chromium.org/home
</msg>
<status status="FAIL" starttime="20220330 18:48:19.981" endtime="20220330 18:48:19.991"/>
</kw>
<kw name="Get Title" library="SeleniumLibrary">
<var>${Get_title}</var>
<doc>Returns the title of the current page.</doc>
<status status="NOT RUN" starttime="20220330 18:48:19.991" endtime="20220330 18:48:19.992"/>
</kw>
<kw name="Should Be Equal As Strings" library="BuiltIn">
<arg>${Get_title}</arg>
<arg>Google</arg>
<doc>Fails if objects are unequal after converting them to strings.</doc>
<status status="NOT RUN" starttime="20220330 18:48:19.992" endtime="20220330 18:48:19.992"/>
</kw>
<kw name="Close Browser" library="SeleniumLibrary">
<doc>Closes the current browser.</doc>
<status status="NOT RUN" starttime="20220330 18:48:19.992" endtime="20220330 18:48:19.992"/>
</kw>
<status status="FAIL" starttime="20220330 18:48:19.980" endtime="20220330 18:48:19.992">WebDriverException: Message: 'chromedriver' executable needs to be in PATH. Please see https://chromedriver.chromium.org/home
</status>
</test>
<doc>My First Test
This test will Verify Google</doc>
<status status="FAIL" starttime="20220330 18:48:19.979" endtime="20220330 18:48:19.992"/>
</suite>
<status status="FAIL" starttime="20220330 18:48:16.515" endtime="20220330 18:48:19.993"/>
</suite>
<status status="FAIL" starttime="20220330 18:48:16.515" endtime="20220330 18:48:19.993"/>
</suite>
<status status="FAIL" starttime="20220330 18:48:16.501" endtime="20220330 18:48:19.994"/>
</suite>
<statistics>
<total>
<stat pass="0" fail="2" skip="0">All Tests</stat>
</total>
<tag>
</tag>
<suite>
<stat pass="0" fail="2" skip="0" id="s1" name="Vue-Robot-Selenium">Vue-Robot-Selenium</stat>
<stat pass="0" fail="2" skip="0" id="s1-s1" name="Tests">Vue-Robot-Selenium.Tests</stat>
<stat pass="0" fail="2" skip="0" id="s1-s1-s1" name="E2E">Vue-Robot-Selenium.Tests.E2E</stat>
<stat pass="0" fail="1" skip="0" id="s1-s1-s1-s1" name="HomeView">Vue-Robot-Selenium.Tests.E2E.HomeView</stat>
<stat pass="0" fail="1" skip="0" id="s1-s1-s1-s2" name="Test">Vue-Robot-Selenium.Tests.E2E.Test</stat>
</suite>
</statistics>
<errors>
<msg timestamp="20220330 18:48:16.517" level="ERROR">Error in file '/Users/bryanphang/Documents/Personal/vue-robot-selenium/tests/e2e/resources/homeview.robot' on line 14: Setting variable '${VALID PASSWORD} 123456' failed: Invalid variable name '${VALID PASSWORD} 123456'.</msg>
</errors>
</robot>
